<?xml version="1.0" encoding="UTF-8"?>
<testsuite name="CoffeeMachineTest" tests="1" skipped="0" failures="0" errors="0" timestamp="2020-05-03T16:20:00" hostname="DESKTOP-JVVB836" time="0.19">
  <properties/>
  <testcase name="start" classname="CoffeeMachineTest" time="0.19"/>
  <system-out><![CDATA[?[1;31m
Start test 1?[0m
Write action(buy,fil, take, remaining, exit
> remaining
The coffee maker has:
400 of water
540 of milk
120 of coffee beans
9 of disposable cups
550 of money
Write action(buy,fil, take, remaining, exit
> buy
What do you want to buy? 1 - espresso, 2 - latte, 3 - cappuccino, back - to main menu: ?
> 2
I have enough resources, making you a coffee!

Write action(buy,fil, take, remaining, exit
> buy
What do you want to buy? 1 - espresso, 2 - latte, 3 - cappuccino, back - to main menu: ?
> 2
Sorry not enough resources!
Write action(buy,fil, take, remaining, exit
> fill
water?
> 1000
Milk?
> 0
beans
> 0
Cups?
> 0
Write action(buy,fil, take, remaining, exit
> buy
What do you want to buy? 1 - espresso, 2 - latte, 3 - cappuccino, back - to main menu: ?
> 2
I have enough resources, making you a coffee!

Write action(buy,fil, take, remaining, exit
> take
I Gave you 564Write action(buy,fil, take, remaining, exit
> remaining
The coffee maker has:
700 of water
390 of milk
80 of coffee beans
7 of disposable cups
0 of money
Write action(buy,fil, take, remaining, exit
> exit
?[1;31m
Start test 2?[0m
Write action(buy,fil, take, remaining, exit
> remaining
The coffee maker has:
400 of water
540 of milk
120 of coffee beans
9 of disposable cups
550 of money
Write action(buy,fil, take, remaining, exit
> fill
water?
> 3000
Milk?
> 3000
beans
> 3000
Cups?
> 3000
Write action(buy,fil, take, remaining, exit
> remaining
The coffee maker has:
3400 of water
3540 of milk
3120 of coffee beans
3009 of disposable cups
550 of money
Write action(buy,fil, take, remaining, exit
> exit
?[1;31m
Start test 3?[0m
Write action(buy,fil, take, remaining, exit
> remaining
The coffee maker has:
400 of water
540 of milk
120 of coffee beans
9 of disposable cups
550 of money
Write action(buy,fil, take, remaining, exit
> buy
What do you want to buy? 1 - espresso, 2 - latte, 3 - cappuccino, back - to main menu: ?
> 1
I have enough resources, making you a coffee!

Write action(buy,fil, take, remaining, exit
> remaining
The coffee maker has:
150 of water
540 of milk
104 of coffee beans
8 of disposable cups
554 of money
Write action(buy,fil, take, remaining, exit
> exit
?[1;31m
Start test 4?[0m
Write action(buy,fil, take, remaining, exit
> remaining
The coffee maker has:
400 of water
540 of milk
120 of coffee beans
9 of disposable cups
550 of money
Write action(buy,fil, take, remaining, exit
> buy
What do you want to buy? 1 - espresso, 2 - latte, 3 - cappuccino, back - to main menu: ?
> 2
I have enough resources, making you a coffee!

Write action(buy,fil, take, remaining, exit
> remaining
The coffee maker has:
50 of water
465 of milk
100 of coffee beans
8 of disposable cups
557 of money
Write action(buy,fil, take, remaining, exit
> exit
?[1;31m
Start test 5?[0m
Write action(buy,fil, take, remaining, exit
> remaining
The coffee maker has:
400 of water
540 of milk
120 of coffee beans
9 of disposable cups
550 of money
Write action(buy,fil, take, remaining, exit
> buy
What do you want to buy? 1 - espresso, 2 - latte, 3 - cappuccino, back - to main menu: ?
> 3
I have enough resources, making you a coffee!

Write action(buy,fil, take, remaining, exit
> remaining
The coffee maker has:
200 of water
440 of milk
108 of coffee beans
8 of disposable cups
556 of money
Write action(buy,fil, take, remaining, exit
> exit
?[1;31m
Start test 6?[0m
Write action(buy,fil, take, remaining, exit
> remaining
The coffee maker has:
400 of water
540 of milk
120 of coffee beans
9 of disposable cups
550 of money
Write action(buy,fil, take, remaining, exit
> take
I Gave you 550Write action(buy,fil, take, remaining, exit
> remaining
The coffee maker has:
400 of water
540 of milk
120 of coffee beans
9 of disposable cups
0 of money
Write action(buy,fil, take, remaining, exit
> exit
?[1;31m
Start test 7?[0m
Write action(buy,fil, take, remaining, exit
> remaining
The coffee maker has:
400 of water
540 of milk
120 of coffee beans
9 of disposable cups
550 of money
Write action(buy,fil, take, remaining, exit
> buy
What do you want to buy? 1 - espresso, 2 - latte, 3 - cappuccino, back - to main menu: ?
> back
Write action(buy,fil, take, remaining, exit
> remaining
The coffee maker has:
400 of water
540 of milk
120 of coffee beans
9 of disposable cups
550 of money
Write action(buy,fil, take, remaining, exit
> exit
]]></system-out>
  <system-err><![CDATA[]]></system-err>
</testsuite>
