<?xml version="1.0" encoding="UTF-8"?>
<testsuite name="FlashcardsTest" tests="1" skipped="0" failures="0" errors="0" timestamp="2020-05-09T03:47:17" hostname="DESKTOP-JVVB836" time="0.231">
  <properties/>
  <testcase name="start" classname="FlashcardsTest" time="0.231"/>
  <system-out><![CDATA[?[1;31m
Start test 1?[0m
Input the action (add, remove, import, export, ask, exit, log, hardest card, reset stats):
> export
File name:
> capitals.txt
0 cards have been saved
Input the action (add, remove, import, export, ask, exit, log, hardest card, reset stats):
> export
File name:
> capitalsNew.txt
0 cards have been saved
Input the action (add, remove, import, export, ask, exit, log, hardest card, reset stats):
> exit
Bye Bye
?[1;31m
Start test 2?[0m
Input the action (add, remove, import, export, ask, exit, log, hardest card, reset stats):
> add
The card :
> France
The Definition of the card
> Paris
("France": "Paris") has been added
Input the action (add, remove, import, export, ask, exit, log, hardest card, reset stats):
> add
The card :
> Russia
The Definition of the card
> Moscow
("Russia": "Moscow") has been added
Input the action (add, remove, import, export, ask, exit, log, hardest card, reset stats):
> ask
How many times to ask?
> 3
Print the definition of "Russia":
> France
Wrong answer, the correct one is "Moscow"
Print the definition of "Russia":
> ??
Wrong answer, the correct one is "Moscow"
Print the definition of "Russia":
> 
Wrong answer, the correct one is "Moscow"
Input the action (add, remove, import, export, ask, exit, log, hardest card, reset stats):
> exit
Bye Bye
2 cards have been saved
?[1;31m
Start test 3?[0m
2 cards have been loaded.
Input the action (add, remove, import, export, ask, exit, log, hardest card, reset stats):
> add
The card :
> Japan
The Definition of the card
> Tokyo
("Japan": "Tokyo") has been added
Input the action (add, remove, import, export, ask, exit, log, hardest card, reset stats):
> ask
How many times to ask?
> 3
Print the definition of "France":
> Moscow
Wrong answer, the correct one is "Paris" you've just written the definition of "Russia"
Print the definition of "France":
> Paris
Correct answer.
Print the definition of "Russia":
> Tokyo
Wrong answer, the correct one is "Moscow" you've just written the definition of "Japan"
Input the action (add, remove, import, export, ask, exit, log, hardest card, reset stats):
> exit
Bye Bye
3 cards have been saved
?[1;31m
Start test 4?[0m
3 cards have been loaded.
Input the action (add, remove, import, export, ask, exit, log, hardest card, reset stats):
> ask
How many times to ask?
> 3
Print the definition of "Japan":
> Moscow
Wrong answer, the correct one is "Tokyo" you've just written the definition of "Russia"
Print the definition of "Russia":
> Paris
Wrong answer, the correct one is "Moscow" you've just written the definition of "France"
Print the definition of "France":
> Tokyo
Wrong answer, the correct one is "Paris" you've just written the definition of "Japan"
Input the action (add, remove, import, export, ask, exit, log, hardest card, reset stats):
> remove
The card
> Japan
"Japan" has been removed
Input the action (add, remove, import, export, ask, exit, log, hardest card, reset stats):
> exit
Bye Bye
2 cards have been saved
?[1;31m
Start test 5?[0m
2 cards have been loaded.
Input the action (add, remove, import, export, ask, exit, log, hardest card, reset stats):
> exit
Bye Bye
]]></system-out>
  <system-err><![CDATA[]]></system-err>
</testsuite>
